<?xml version="1.0" encoding="UTF-8"?>
<!-- Generated by org.testng.reporters.JUnitReportReporter -->
<testsuite skipped="0" hostname="ozma" name="xMLResponseTest.BasicValidation_XML_response" tests="5" failures="0" timestamp="04 Jan 2020 21:25:21 GMT" time="7.240" errors="0">
  <testcase name="testingSingleContent" time="5.243" classname="xMLResponseTest.BasicValidation_XML_response"/>
  <testcase name="testMultipleContents" time="0.526" classname="xMLResponseTest.BasicValidation_XML_response"/>
  <testcase name="testAllContentinOneGo" time="0.443" classname="xMLResponseTest.BasicValidation_XML_response"/>
  <testcase name="testUsingXpath" time="0.519" classname="xMLResponseTest.BasicValidation_XML_response"/>
  <testcase name="TestUsingXPath2" time="0.509" classname="xMLResponseTest.BasicValidation_XML_response"/>
</testsuite> <!-- xMLResponseTest.BasicValidation_XML_response -->
