<?xml version="1.0" encoding="UTF-8"?>
<!-- Generated by org.testng.reporters.JUnitReportReporter -->
<testsuite skipped="0" hostname="ozma" name="restAssuredTest.Demo2_POST_Req" tests="1" failures="0" timestamp="04 Jan 2020 16:06:30 GMT" time="0.576" errors="0">
  <testcase name="tesPost" time="0.576" classname="restAssuredTest.Demo2_POST_Req"/>
</testsuite> <!-- restAssuredTest.Demo2_POST_Req -->
