<?xml version="1.0" encoding="UTF-8"?>
<!-- Generated by org.testng.reporters.JUnitReportReporter -->
<testsuite skipped="0" hostname="ozma" name="restAssuredTest.Demo3_PUT_req" tests="1" failures="0" timestamp="04 Jan 2020 17:21:49 GMT" time="4.900" errors="0">
  <testcase name="testPUT" time="4.900" classname="restAssuredTest.Demo3_PUT_req"/>
</testsuite> <!-- restAssuredTest.Demo3_PUT_req -->
