<?xml version="1.0" encoding="UTF-8"?>
<!-- Generated by org.testng.reporters.JUnitReportReporter -->
<testsuite skipped="0" hostname="ozma" name="restAssuredTest.Demo_1_GET_Request" tests="1" failures="0" timestamp="04 Jan 2020 15:16:26 GMT" time="11.344" errors="0">
  <testcase name="getWeatherDetails" time="11.344" classname="restAssuredTest.Demo_1_GET_Request"/>
</testsuite> <!-- restAssuredTest.Demo_1_GET_Request -->
