<?xml version="1.0" encoding="UTF-8"?>
<!-- Generated by org.testng.reporters.JUnitReportReporter -->
<testsuite skipped="0" hostname="ozma" name="restAssuredTest.Demo4_DEL_Req" tests="1" failures="0" timestamp="04 Jan 2020 17:36:21 GMT" time="3.723" errors="0">
  <testcase name="deleteEmpRec" time="3.723" classname="restAssuredTest.Demo4_DEL_Req"/>
</testsuite> <!-- restAssuredTest.Demo4_DEL_Req -->
